2021-01-10 19:31:06,264|azureml|DEBUG|Execute Job Release Inputs:: kwargs: {'disable_output_upload': True}, track_folders: None, deny_list: None, directories_to_watch: []
2021-01-10 19:31:06,265|azureml.history._tracking.PythonWorkingDirectory|DEBUG|Execution target type: batchai
2021-01-10 19:31:06,265|azureml.history._tracking.PythonWorkingDirectory|DEBUG|Failed to import pyspark with error: No module named 'pyspark'
2021-01-10 19:31:06,265|azureml.history._tracking.PythonWorkingDirectory.workingdir|DEBUG|Pinning working directory for filesystems: ['pyfs']
2021-01-10 19:31:06,267|azureml.core.authentication.TokenRefresherDaemon|DEBUG|Starting daemon and triggering first instance
2021-01-10 19:31:06,275|msrest.universal_http.requests|DEBUG|Configuring retry: max_retries=3, backoff_factor=0.8, max_backoff=90
2021-01-10 19:31:06,276|azureml._restclient.clientbase|INFO|Created a worker pool for first use
2021-01-10 19:31:06,276|azureml.core.authentication|DEBUG|Time to expire 1814093.723796 seconds
2021-01-10 19:31:06,276|azureml._base_sdk_common.service_discovery|DEBUG|Found history service url in environment variable AZUREML_SERVICE_ENDPOINT, history service url: https://southcentralus.experiments.azureml.net.
2021-01-10 19:31:06,276|azureml._base_sdk_common.service_discovery|DEBUG|Found history service url in environment variable AZUREML_SERVICE_ENDPOINT, history service url: https://southcentralus.experiments.azureml.net.
2021-01-10 19:31:06,276|azureml._base_sdk_common.service_discovery|DEBUG|Found history service url in environment variable AZUREML_SERVICE_ENDPOINT, history service url: https://southcentralus.experiments.azureml.net.
2021-01-10 19:31:06,277|azureml._base_sdk_common.service_discovery|DEBUG|Found history service url in environment variable AZUREML_SERVICE_ENDPOINT, history service url: https://southcentralus.experiments.azureml.net.
2021-01-10 19:31:06,277|azureml._base_sdk_common.service_discovery|DEBUG|Found history service url in environment variable AZUREML_SERVICE_ENDPOINT, history service url: https://southcentralus.experiments.azureml.net.
2021-01-10 19:31:06,277|azureml._base_sdk_common.service_discovery|DEBUG|Found history service url in environment variable AZUREML_SERVICE_ENDPOINT, history service url: https://southcentralus.experiments.azureml.net.
2021-01-10 19:31:06,277|azureml._base_sdk_common.service_discovery|DEBUG|Found history service url in environment variable AZUREML_SERVICE_ENDPOINT, history service url: https://southcentralus.experiments.azureml.net.
2021-01-10 19:31:06,283|msrest.universal_http.requests|DEBUG|Configuring retry: max_retries=3, backoff_factor=0.8, max_backoff=90
2021-01-10 19:31:06,294|msrest.universal_http.requests|DEBUG|Configuring retry: max_retries=3, backoff_factor=0.8, max_backoff=90
2021-01-10 19:31:06,300|msrest.universal_http.requests|DEBUG|Configuring retry: max_retries=3, backoff_factor=0.8, max_backoff=90
2021-01-10 19:31:06,306|msrest.universal_http.requests|DEBUG|Configuring retry: max_retries=3, backoff_factor=0.8, max_backoff=90
2021-01-10 19:31:06,312|msrest.universal_http.requests|DEBUG|Configuring retry: max_retries=3, backoff_factor=0.8, max_backoff=90
2021-01-10 19:31:06,313|azureml._SubmittedRun#HD_f3acbfa3-c322-48f3-9695-78d31b8b99d6_0.RunHistoryFacade.RunClient.get-async:False|DEBUG|[START]
2021-01-10 19:31:06,313|msrest.service_client|DEBUG|Accept header absent and forced to application/json
2021-01-10 19:31:06,313|msrest.http_logger|DEBUG|Request URL: 'https://southcentralus.experiments.azureml.net/history/v1.0/subscriptions/81cefad3-d2c9-4f77-a466-99a7f541c7bb/resourceGroups/aml-quickstarts-134242/providers/Microsoft.MachineLearningServices/workspaces/quick-starts-ws-134242/experiments/udacity-project/runs/HD_f3acbfa3-c322-48f3-9695-78d31b8b99d6_0'
2021-01-10 19:31:06,314|msrest.http_logger|DEBUG|Request method: 'GET'
2021-01-10 19:31:06,314|msrest.http_logger|DEBUG|Request headers:
2021-01-10 19:31:06,314|msrest.http_logger|DEBUG|    'Accept': 'application/json'
2021-01-10 19:31:06,314|msrest.http_logger|DEBUG|    'Content-Type': 'application/json; charset=utf-8'
2021-01-10 19:31:06,314|msrest.http_logger|DEBUG|    'x-ms-client-request-id': 'd97b8948-25ed-409e-af06-cdde9fcb9cde'
2021-01-10 19:31:06,314|msrest.http_logger|DEBUG|    'request-id': 'd97b8948-25ed-409e-af06-cdde9fcb9cde'
2021-01-10 19:31:06,314|msrest.http_logger|DEBUG|    'User-Agent': 'python/3.6.2 (Linux-4.15.0-1100-azure-x86_64-with-debian-stretch-sid) msrest/0.6.14 azureml._restclient/core.1.6.0 azureml-sdk-core/1.6.0'
2021-01-10 19:31:06,314|msrest.http_logger|DEBUG|Request body:
2021-01-10 19:31:06,314|msrest.http_logger|DEBUG|None
2021-01-10 19:31:06,314|msrest.universal_http|DEBUG|Configuring redirects: allow=True, max=30
2021-01-10 19:31:06,315|msrest.universal_http|DEBUG|Configuring request: timeout=100, verify=True, cert=None
2021-01-10 19:31:06,315|msrest.universal_http|DEBUG|Configuring proxies: ''
2021-01-10 19:31:06,315|msrest.universal_http|DEBUG|Evaluate proxies against ENV settings: True
2021-01-10 19:31:06,375|msrest.http_logger|DEBUG|Response status: 200
2021-01-10 19:31:06,376|msrest.http_logger|DEBUG|Response headers:
2021-01-10 19:31:06,376|msrest.http_logger|DEBUG|    'Date': 'Sun, 10 Jan 2021 19:31:06 GMT'
2021-01-10 19:31:06,376|msrest.http_logger|DEBUG|    'Content-Type': 'application/json; charset=utf-8'
2021-01-10 19:31:06,376|msrest.http_logger|DEBUG|    'Transfer-Encoding': 'chunked'
2021-01-10 19:31:06,376|msrest.http_logger|DEBUG|    'Connection': 'keep-alive'
2021-01-10 19:31:06,376|msrest.http_logger|DEBUG|    'Vary': 'Accept-Encoding'
2021-01-10 19:31:06,377|msrest.http_logger|DEBUG|    'Request-Context': 'appId=cid-v1:2d2e8e63-272e-4b3c-8598-4ee570a0e70d'
2021-01-10 19:31:06,377|msrest.http_logger|DEBUG|    'x-ms-response-type': 'standard'
2021-01-10 19:31:06,377|msrest.http_logger|DEBUG|    'x-ms-client-request-id': 'd97b8948-25ed-409e-af06-cdde9fcb9cde'
2021-01-10 19:31:06,377|msrest.http_logger|DEBUG|    'x-ms-client-session-id': ''
2021-01-10 19:31:06,377|msrest.http_logger|DEBUG|    'X-Content-Type-Options': 'nosniff'
2021-01-10 19:31:06,377|msrest.http_logger|DEBUG|    'x-request-time': '0.034'
2021-01-10 19:31:06,377|msrest.http_logger|DEBUG|    'Strict-Transport-Security': 'max-age=15724800; includeSubDomains; preload'
2021-01-10 19:31:06,377|msrest.http_logger|DEBUG|    'Content-Encoding': 'gzip'
2021-01-10 19:31:06,377|msrest.http_logger|DEBUG|Response content:
2021-01-10 19:31:06,378|msrest.http_logger|DEBUG|{
  "runNumber": 22,
  "rootRunId": "HD_f3acbfa3-c322-48f3-9695-78d31b8b99d6",
  "experimentId": "4af3ef5f-670c-489e-b5de-82e79ea4af44",
  "createdUtc": "2021-01-10T19:26:01.0052231+00:00",
  "createdBy": {
    "userObjectId": "6dbaf760-36ad-4542-9a07-15c3907ec6c1",
    "userPuId": "100320010AD2DC4A",
    "userIdp": null,
    "userAltSecId": null,
    "userIss": "https://sts.windows.net/660b3398-b80e-49d2-bc5b-ac1dc93b5254/",
    "userTenantId": "660b3398-b80e-49d2-bc5b-ac1dc93b5254",
    "userName": "ODL_User 134242"
  },
  "userId": "6dbaf760-36ad-4542-9a07-15c3907ec6c1",
  "token": null,
  "tokenExpiryTimeUtc": null,
  "error": null,
  "warnings": null,
  "revision": 8,
  "runUuid": "5d9dc6b2-f9a8-4612-a024-ddf8e4932c28",
  "parentRunUuid": "063e1a52-802c-4d9f-870f-e833eca75f4b",
  "rootRunUuid": "063e1a52-802c-4d9f-870f-e833eca75f4b",
  "runId": "HD_f3acbfa3-c322-48f3-9695-78d31b8b99d6_0",
  "parentRunId": "HD_f3acbfa3-c322-48f3-9695-78d31b8b99d6",
  "status": "Finalizing",
  "startTimeUtc": "2021-01-10T19:28:50.7114332+00:00",
  "endTimeUtc": null,
  "options": {
    "generateDataContainerIdIfNotSpecified": true
  },
  "displayName": null,
  "name": null,
  "dataContainerId": "dcid.HD_f3acbfa3-c322-48f3-9695-78d31b8b99d6_0",
  "description": null,
  "hidden": false,
  "runType": "azureml.scriptrun",
  "properties": {
    "_azureml.ComputeTargetType": "amlcompute",
    "ContentSnapshotId": "c621cc3a-9fc7-44a3-9ca2-eafbaa9755e3",
    "ProcessInfoFile": "azureml-logs/process_info.json",
    "ProcessStatusFile": "azureml-logs/process_status.json"
  },
  "parameters": null,
  "scriptName": "train.py",
  "target": "OptimizePipe",
  "uniqueChildRunComputeTargets": [],
  "tags": {
    "_aml_system_ComputeTargetStatus": "{\"AllocationState\":\"steady\",\"PreparingNodeCount\":0,\"RunningNodeCount\":0,\"CurrentNodeCount\":0}"
  },
  "inputDatasets": [],
  "outputDatasets": [],
  "runDefinition": null,
  "primaryMetricName": null,
  "createdFrom": null,
  "cancelUri": "https://southcentralus.experiments.azureml.net/execution/v1.0/subscriptions/81cefad3-d2c9-4f77-a466-99a7f541c7bb/resourceGroups/aml-quickstarts-134242/providers/Microsoft.MachineLearningServices/workspaces/quick-starts-ws-134242/experiments/udacity-project/runId/HD_f3acbfa3-c322-48f3-9695-78d31b8b99d6_0/cancel",
  "completeUri": null,
  "diagnosticsUri": "https://southcentralus.experiments.azureml.net/execution/v1.0/subscriptions/81cefad3-d2c9-4f77-a466-99a7f541c7bb/resourceGroups/aml-quickstarts-134242/providers/Microsoft.MachineLearningServices/workspaces/quick-starts-ws-134242/experiments/udacity-project/runId/HD_f3acbfa3-c322-48f3-9695-78d31b8b99d6_0/diagnostics",
  "computeRequest": {
    "nodeCount": 1
  },
  "retainForLifetimeOfWorkspace": null,
  "queueingInfo": null
}
2021-01-10 19:31:06,387|azureml._SubmittedRun#HD_f3acbfa3-c322-48f3-9695-78d31b8b99d6_0.RunHistoryFacade.RunClient.get-async:False|DEBUG|[STOP]
2021-01-10 19:31:06,387|azureml._SubmittedRun#HD_f3acbfa3-c322-48f3-9695-78d31b8b99d6_0|DEBUG|Constructing run from dto. type: azureml.scriptrun, source: None, props: {'_azureml.ComputeTargetType': 'amlcompute', 'ContentSnapshotId': 'c621cc3a-9fc7-44a3-9ca2-eafbaa9755e3', 'ProcessInfoFile': 'azureml-logs/process_info.json', 'ProcessStatusFile': 'azureml-logs/process_status.json'}
2021-01-10 19:31:06,387|azureml._SubmittedRun#HD_f3acbfa3-c322-48f3-9695-78d31b8b99d6_0.RunContextManager|DEBUG|Valid logs dir, setting up content loader
2021-01-10 19:31:06,388|azureml._base_sdk_common.service_discovery|DEBUG|Found history service url in environment variable AZUREML_SERVICE_ENDPOINT, history service url: https://southcentralus.experiments.azureml.net.
2021-01-10 19:31:06,388|azureml._base_sdk_common.service_discovery|DEBUG|Found history service url in environment variable AZUREML_SERVICE_ENDPOINT, history service url: https://southcentralus.experiments.azureml.net.
2021-01-10 19:31:06,388|azureml._base_sdk_common.service_discovery|DEBUG|Found history service url in environment variable AZUREML_SERVICE_ENDPOINT, history service url: https://southcentralus.experiments.azureml.net.
2021-01-10 19:31:06,388|azureml._base_sdk_common.service_discovery|DEBUG|Found history service url in environment variable AZUREML_SERVICE_ENDPOINT, history service url: https://southcentralus.experiments.azureml.net.
2021-01-10 19:31:06,388|azureml._base_sdk_common.service_discovery|DEBUG|Found history service url in environment variable AZUREML_SERVICE_ENDPOINT, history service url: https://southcentralus.experiments.azureml.net.
2021-01-10 19:31:06,388|azureml._base_sdk_common.service_discovery|DEBUG|Found history service url in environment variable AZUREML_SERVICE_ENDPOINT, history service url: https://southcentralus.experiments.azureml.net.
2021-01-10 19:31:06,389|azureml._base_sdk_common.service_discovery|DEBUG|Found history service url in environment variable AZUREML_SERVICE_ENDPOINT, history service url: https://southcentralus.experiments.azureml.net.
2021-01-10 19:31:06,395|msrest.universal_http.requests|DEBUG|Configuring retry: max_retries=3, backoff_factor=0.8, max_backoff=90
2021-01-10 19:31:06,401|msrest.universal_http.requests|DEBUG|Configuring retry: max_retries=3, backoff_factor=0.8, max_backoff=90
2021-01-10 19:31:06,408|msrest.universal_http.requests|DEBUG|Configuring retry: max_retries=3, backoff_factor=0.8, max_backoff=90
2021-01-10 19:31:06,414|msrest.universal_http.requests|DEBUG|Configuring retry: max_retries=3, backoff_factor=0.8, max_backoff=90
2021-01-10 19:31:06,420|msrest.universal_http.requests|DEBUG|Configuring retry: max_retries=3, backoff_factor=0.8, max_backoff=90
2021-01-10 19:31:06,420|azureml._SubmittedRun#HD_f3acbfa3-c322-48f3-9695-78d31b8b99d6_0.RunHistoryFacade.RunClient.get-async:False|DEBUG|[START]
2021-01-10 19:31:06,420|msrest.service_client|DEBUG|Accept header absent and forced to application/json
2021-01-10 19:31:06,421|msrest.http_logger|DEBUG|Request URL: 'https://southcentralus.experiments.azureml.net/history/v1.0/subscriptions/81cefad3-d2c9-4f77-a466-99a7f541c7bb/resourceGroups/aml-quickstarts-134242/providers/Microsoft.MachineLearningServices/workspaces/quick-starts-ws-134242/experiments/udacity-project/runs/HD_f3acbfa3-c322-48f3-9695-78d31b8b99d6_0'
2021-01-10 19:31:06,421|msrest.http_logger|DEBUG|Request method: 'GET'
2021-01-10 19:31:06,421|msrest.http_logger|DEBUG|Request headers:
2021-01-10 19:31:06,421|msrest.http_logger|DEBUG|    'Accept': 'application/json'
2021-01-10 19:31:06,421|msrest.http_logger|DEBUG|    'Content-Type': 'application/json; charset=utf-8'
2021-01-10 19:31:06,421|msrest.http_logger|DEBUG|    'x-ms-client-request-id': '8a93c46d-cfd8-4992-88e7-ed74154fce83'
2021-01-10 19:31:06,421|msrest.http_logger|DEBUG|    'request-id': '8a93c46d-cfd8-4992-88e7-ed74154fce83'
2021-01-10 19:31:06,421|msrest.http_logger|DEBUG|    'User-Agent': 'python/3.6.2 (Linux-4.15.0-1100-azure-x86_64-with-debian-stretch-sid) msrest/0.6.14 azureml._restclient/core.1.6.0 azureml-sdk-core/1.6.0'
2021-01-10 19:31:06,421|msrest.http_logger|DEBUG|Request body:
2021-01-10 19:31:06,421|msrest.http_logger|DEBUG|None
2021-01-10 19:31:06,421|msrest.universal_http|DEBUG|Configuring redirects: allow=True, max=30
2021-01-10 19:31:06,422|msrest.universal_http|DEBUG|Configuring request: timeout=100, verify=True, cert=None
2021-01-10 19:31:06,422|msrest.universal_http|DEBUG|Configuring proxies: ''
2021-01-10 19:31:06,422|msrest.universal_http|DEBUG|Evaluate proxies against ENV settings: True
2021-01-10 19:31:06,480|msrest.http_logger|DEBUG|Response status: 200
2021-01-10 19:31:06,480|msrest.http_logger|DEBUG|Response headers:
2021-01-10 19:31:06,481|msrest.http_logger|DEBUG|    'Date': 'Sun, 10 Jan 2021 19:31:06 GMT'
2021-01-10 19:31:06,481|msrest.http_logger|DEBUG|    'Content-Type': 'application/json; charset=utf-8'
2021-01-10 19:31:06,482|msrest.http_logger|DEBUG|    'Transfer-Encoding': 'chunked'
2021-01-10 19:31:06,482|msrest.http_logger|DEBUG|    'Connection': 'keep-alive'
2021-01-10 19:31:06,482|msrest.http_logger|DEBUG|    'Vary': 'Accept-Encoding'
2021-01-10 19:31:06,482|msrest.http_logger|DEBUG|    'Request-Context': 'appId=cid-v1:2d2e8e63-272e-4b3c-8598-4ee570a0e70d'
2021-01-10 19:31:06,482|msrest.http_logger|DEBUG|    'x-ms-response-type': 'standard'
2021-01-10 19:31:06,482|msrest.http_logger|DEBUG|    'x-ms-client-request-id': '8a93c46d-cfd8-4992-88e7-ed74154fce83'
2021-01-10 19:31:06,482|msrest.http_logger|DEBUG|    'x-ms-client-session-id': ''
2021-01-10 19:31:06,482|msrest.http_logger|DEBUG|    'X-Content-Type-Options': 'nosniff'
2021-01-10 19:31:06,482|msrest.http_logger|DEBUG|    'x-request-time': '0.035'
2021-01-10 19:31:06,482|msrest.http_logger|DEBUG|    'Strict-Transport-Security': 'max-age=15724800; includeSubDomains; preload'
2021-01-10 19:31:06,483|msrest.http_logger|DEBUG|    'Content-Encoding': 'gzip'
2021-01-10 19:31:06,483|msrest.http_logger|DEBUG|Response content:
2021-01-10 19:31:06,483|msrest.http_logger|DEBUG|{
  "runNumber": 22,
  "rootRunId": "HD_f3acbfa3-c322-48f3-9695-78d31b8b99d6",
  "experimentId": "4af3ef5f-670c-489e-b5de-82e79ea4af44",
  "createdUtc": "2021-01-10T19:26:01.0052231+00:00",
  "createdBy": {
    "userObjectId": "6dbaf760-36ad-4542-9a07-15c3907ec6c1",
    "userPuId": "100320010AD2DC4A",
    "userIdp": null,
    "userAltSecId": null,
    "userIss": "https://sts.windows.net/660b3398-b80e-49d2-bc5b-ac1dc93b5254/",
    "userTenantId": "660b3398-b80e-49d2-bc5b-ac1dc93b5254",
    "userName": "ODL_User 134242"
  },
  "userId": "6dbaf760-36ad-4542-9a07-15c3907ec6c1",
  "token": null,
  "tokenExpiryTimeUtc": null,
  "error": null,
  "warnings": null,
  "revision": 8,
  "runUuid": "5d9dc6b2-f9a8-4612-a024-ddf8e4932c28",
  "parentRunUuid": "063e1a52-802c-4d9f-870f-e833eca75f4b",
  "rootRunUuid": "063e1a52-802c-4d9f-870f-e833eca75f4b",
  "runId": "HD_f3acbfa3-c322-48f3-9695-78d31b8b99d6_0",
  "parentRunId": "HD_f3acbfa3-c322-48f3-9695-78d31b8b99d6",
  "status": "Finalizing",
  "startTimeUtc": "2021-01-10T19:28:50.7114332+00:00",
  "endTimeUtc": null,
  "options": {
    "generateDataContainerIdIfNotSpecified": true
  },
  "displayName": null,
  "name": null,
  "dataContainerId": "dcid.HD_f3acbfa3-c322-48f3-9695-78d31b8b99d6_0",
  "description": null,
  "hidden": false,
  "runType": "azureml.scriptrun",
  "properties": {
    "_azureml.ComputeTargetType": "amlcompute",
    "ContentSnapshotId": "c621cc3a-9fc7-44a3-9ca2-eafbaa9755e3",
    "ProcessInfoFile": "azureml-logs/process_info.json",
    "ProcessStatusFile": "azureml-logs/process_status.json"
  },
  "parameters": null,
  "scriptName": "train.py",
  "target": "OptimizePipe",
  "uniqueChildRunComputeTargets": [],
  "tags": {
    "_aml_system_ComputeTargetStatus": "{\"AllocationState\":\"steady\",\"PreparingNodeCount\":0,\"RunningNodeCount\":0,\"CurrentNodeCount\":0}"
  },
  "inputDatasets": [],
  "outputDatasets": [],
  "runDefinition": null,
  "primaryMetricName": null,
  "createdFrom": null,
  "cancelUri": "https://southcentralus.experiments.azureml.net/execution/v1.0/subscriptions/81cefad3-d2c9-4f77-a466-99a7f541c7bb/resourceGroups/aml-quickstarts-134242/providers/Microsoft.MachineLearningServices/workspaces/quick-starts-ws-134242/experiments/udacity-project/runId/HD_f3acbfa3-c322-48f3-9695-78d31b8b99d6_0/cancel",
  "completeUri": null,
  "diagnosticsUri": "https://southcentralus.experiments.azureml.net/execution/v1.0/subscriptions/81cefad3-d2c9-4f77-a466-99a7f541c7bb/resourceGroups/aml-quickstarts-134242/providers/Microsoft.MachineLearningServices/workspaces/quick-starts-ws-134242/experiments/udacity-project/runId/HD_f3acbfa3-c322-48f3-9695-78d31b8b99d6_0/diagnostics",
  "computeRequest": {
    "nodeCount": 1
  },
  "retainForLifetimeOfWorkspace": null,
  "queueingInfo": null
}
2021-01-10 19:31:06,486|azureml._SubmittedRun#HD_f3acbfa3-c322-48f3-9695-78d31b8b99d6_0.RunHistoryFacade.RunClient.get-async:False|DEBUG|[STOP]
2021-01-10 19:31:06,487|azureml._SubmittedRun#HD_f3acbfa3-c322-48f3-9695-78d31b8b99d6_0|DEBUG|Constructing run from dto. type: azureml.scriptrun, source: None, props: {'_azureml.ComputeTargetType': 'amlcompute', 'ContentSnapshotId': 'c621cc3a-9fc7-44a3-9ca2-eafbaa9755e3', 'ProcessInfoFile': 'azureml-logs/process_info.json', 'ProcessStatusFile': 'azureml-logs/process_status.json'}
2021-01-10 19:31:06,487|azureml._SubmittedRun#HD_f3acbfa3-c322-48f3-9695-78d31b8b99d6_0.RunContextManager|DEBUG|Valid logs dir, setting up content loader
2021-01-10 19:31:06,487|azureml.WorkerPool|DEBUG|[START]
2021-01-10 19:31:06,487|azureml.TrackFolders|DEBUG|[START]
2021-01-10 19:31:06,487|azureml|DEBUG|Executing history release.
2021-01-10 19:31:06,487|azureml.history._tracking.PythonWorkingDirectory.workingdir|DEBUG|Uploading tracked directories: [], excluding ['azureml-logs/driver_log']
2021-01-10 19:31:06,487|azureml.history._tracking.PythonWorkingDirectory.workingdir|DEBUG|Calling track for pyfs
2021-01-10 19:31:06,487|azureml.TrackFolders|DEBUG|[STOP]
2021-01-10 19:31:06,487|azureml.HistoryTrackingWorkerPool.WorkerPoolShutdown|DEBUG|[START]
2021-01-10 19:31:06,487|azureml.HistoryTrackingWorkerPool.WorkerPoolShutdown|DEBUG|[STOP]
2021-01-10 19:31:06,488|azureml.WorkerPool|DEBUG|[STOP]
